[2018-05-24T14:54:45,657][ERROR][o.e.b.Bootstrap          ] Exception
java.lang.StringIndexOutOfBoundsException: String index out of range: -1
	at java.lang.String.substring(Unknown Source) ~[?:1.8.0_171]
	at org.elasticsearch.bootstrap.Security.readPolicy(Security.java:222) ~[1/:?]
	at org.elasticsearch.bootstrap.Security.getPluginPermissions(Security.java:179) ~[1/:?]
	at org.elasticsearch.bootstrap.Security.configure(Security.java:121) ~[1/:?]
	at org.elasticsearch.bootstrap.Bootstrap.setup(Bootstrap.java:207) ~[1/:?]
	at org.elasticsearch.bootstrap.Bootstrap.init(Bootstrap.java:322) [1/:?]
	at org.elasticsearch.bootstrap.Elasticsearch.init(Elasticsearch.java:130) [1/:?]
	at org.elasticsearch.bootstrap.Elasticsearch.execute(Elasticsearch.java:121) [1/:?]
	at org.elasticsearch.cli.EnvironmentAwareCommand.execute(EnvironmentAwareCommand.java:69) [1/:?]
	at org.elasticsearch.cli.Command.mainWithoutErrorHandling(Command.java:134) [1/:?]
	at org.elasticsearch.cli.Command.main(Command.java:90) [1/:?]
	at org.elasticsearch.bootstrap.Elasticsearch.main(Elasticsearch.java:92) [1/:?]
	at org.elasticsearch.bootstrap.Elasticsearch.main(Elasticsearch.java:85) [1/:?]
[2018-05-24T14:54:45,682][WARN ][o.e.b.ElasticsearchUncaughtExceptionHandler] [] uncaught exception in thread [main]
org.elasticsearch.bootstrap.StartupException: java.lang.StringIndexOutOfBoundsException: String index out of range: -1
	at org.elasticsearch.bootstrap.Elasticsearch.init(Elasticsearch.java:134) ~[1/:?]
	at org.elasticsearch.bootstrap.Elasticsearch.execute(Elasticsearch.java:121) ~[1/:?]
	at org.elasticsearch.cli.EnvironmentAwareCommand.execute(EnvironmentAwareCommand.java:69) ~[1/:?]
	at org.elasticsearch.cli.Command.mainWithoutErrorHandling(Command.java:134) ~[1/:?]
	at org.elasticsearch.cli.Command.main(Command.java:90) ~[1/:?]
	at org.elasticsearch.bootstrap.Elasticsearch.main(Elasticsearch.java:92) ~[1/:?]
	at org.elasticsearch.bootstrap.Elasticsearch.main(Elasticsearch.java:85) ~[1/:?]
Caused by: java.lang.StringIndexOutOfBoundsException: String index out of range: -1
	at java.lang.String.substring(Unknown Source) ~[?:1.8.0_171]
	at org.elasticsearch.bootstrap.Security.readPolicy(Security.java:222) ~[1/:?]
	at org.elasticsearch.bootstrap.Security.getPluginPermissions(Security.java:179) ~[1/:?]
	at org.elasticsearch.bootstrap.Security.configure(Security.java:121) ~[1/:?]
	at org.elasticsearch.bootstrap.Bootstrap.setup(Bootstrap.java:207) ~[1/:?]
	at org.elasticsearch.bootstrap.Bootstrap.init(Bootstrap.java:322) ~[1/:?]
	at org.elasticsearch.bootstrap.Elasticsearch.init(Elasticsearch.java:130) ~[1/:?]
	... 6 more
[2018-05-24T14:55:11,354][ERROR][o.e.b.Bootstrap          ] Exception
java.lang.StringIndexOutOfBoundsException: String index out of range: -1
	at java.lang.String.substring(Unknown Source) ~[?:1.8.0_171]
	at org.elasticsearch.bootstrap.Security.readPolicy(Security.java:222) ~[1/:?]
	at org.elasticsearch.bootstrap.Security.getPluginPermissions(Security.java:179) ~[1/:?]
	at org.elasticsearch.bootstrap.Security.configure(Security.java:121) ~[1/:?]
	at org.elasticsearch.bootstrap.Bootstrap.setup(Bootstrap.java:207) ~[1/:?]
	at org.elasticsearch.bootstrap.Bootstrap.init(Bootstrap.java:322) [1/:?]
	at org.elasticsearch.bootstrap.Elasticsearch.init(Elasticsearch.java:130) [1/:?]
	at org.elasticsearch.bootstrap.Elasticsearch.execute(Elasticsearch.java:121) [1/:?]
	at org.elasticsearch.cli.EnvironmentAwareCommand.execute(EnvironmentAwareCommand.java:69) [1/:?]
	at org.elasticsearch.cli.Command.mainWithoutErrorHandling(Command.java:134) [1/:?]
	at org.elasticsearch.cli.Command.main(Command.java:90) [1/:?]
	at org.elasticsearch.bootstrap.Elasticsearch.main(Elasticsearch.java:92) [1/:?]
	at org.elasticsearch.bootstrap.Elasticsearch.main(Elasticsearch.java:85) [1/:?]
[2018-05-24T14:55:14,191][WARN ][o.e.b.ElasticsearchUncaughtExceptionHandler] [] uncaught exception in thread [main]
org.elasticsearch.bootstrap.StartupException: java.lang.StringIndexOutOfBoundsException: String index out of range: -1
	at org.elasticsearch.bootstrap.Elasticsearch.init(Elasticsearch.java:134) ~[1/:?]
	at org.elasticsearch.bootstrap.Elasticsearch.execute(Elasticsearch.java:121) ~[1/:?]
	at org.elasticsearch.cli.EnvironmentAwareCommand.execute(EnvironmentAwareCommand.java:69) ~[1/:?]
	at org.elasticsearch.cli.Command.mainWithoutErrorHandling(Command.java:134) ~[1/:?]
	at org.elasticsearch.cli.Command.main(Command.java:90) ~[1/:?]
	at org.elasticsearch.bootstrap.Elasticsearch.main(Elasticsearch.java:92) ~[1/:?]
	at org.elasticsearch.bootstrap.Elasticsearch.main(Elasticsearch.java:85) ~[1/:?]
Caused by: java.lang.StringIndexOutOfBoundsException: String index out of range: -1
	at java.lang.String.substring(Unknown Source) ~[?:1.8.0_171]
	at org.elasticsearch.bootstrap.Security.readPolicy(Security.java:222) ~[1/:?]
	at org.elasticsearch.bootstrap.Security.getPluginPermissions(Security.java:179) ~[1/:?]
	at org.elasticsearch.bootstrap.Security.configure(Security.java:121) ~[1/:?]
	at org.elasticsearch.bootstrap.Bootstrap.setup(Bootstrap.java:207) ~[1/:?]
	at org.elasticsearch.bootstrap.Bootstrap.init(Bootstrap.java:322) ~[1/:?]
	at org.elasticsearch.bootstrap.Elasticsearch.init(Elasticsearch.java:130) ~[1/:?]
	... 6 more
[2018-05-24T14:56:38,062][ERROR][o.e.b.Bootstrap          ] Exception
java.lang.IllegalStateException: codebase property already set: commons-codec-1.10.jar->file:/C:/Users/Administrator/git/es6.0/elasticsearch/core/modules/reindex/commons-codec-1.10.jar
	at org.elasticsearch.bootstrap.Security.readPolicy(Security.java:229) ~[1/:?]
	at org.elasticsearch.bootstrap.Security.getPluginPermissions(Unknown Source) ~[1/:?]
	at org.elasticsearch.bootstrap.Security.configure(Unknown Source) ~[1/:?]
	at org.elasticsearch.bootstrap.Bootstrap.setup(Bootstrap.java:207) ~[1/:?]
	at org.elasticsearch.bootstrap.Bootstrap.init(Bootstrap.java:322) [1/:?]
	at org.elasticsearch.bootstrap.Elasticsearch.init(Elasticsearch.java:130) [1/:?]
	at org.elasticsearch.bootstrap.Elasticsearch.execute(Elasticsearch.java:121) [1/:?]
	at org.elasticsearch.cli.EnvironmentAwareCommand.execute(EnvironmentAwareCommand.java:69) [1/:?]
	at org.elasticsearch.cli.Command.mainWithoutErrorHandling(Command.java:134) [1/:?]
	at org.elasticsearch.cli.Command.main(Command.java:90) [1/:?]
	at org.elasticsearch.bootstrap.Elasticsearch.main(Elasticsearch.java:92) [1/:?]
	at org.elasticsearch.bootstrap.Elasticsearch.main(Elasticsearch.java:85) [1/:?]
[2018-05-24T14:56:39,476][WARN ][o.e.b.ElasticsearchUncaughtExceptionHandler] [] uncaught exception in thread [main]
org.elasticsearch.bootstrap.StartupException: java.lang.IllegalStateException: codebase property already set: commons-codec-1.10.jar->file:/C:/Users/Administrator/git/es6.0/elasticsearch/core/modules/reindex/commons-codec-1.10.jar
	at org.elasticsearch.bootstrap.Elasticsearch.init(Elasticsearch.java:134) ~[1/:?]
	at org.elasticsearch.bootstrap.Elasticsearch.execute(Elasticsearch.java:121) ~[1/:?]
	at org.elasticsearch.cli.EnvironmentAwareCommand.execute(EnvironmentAwareCommand.java:69) ~[1/:?]
	at org.elasticsearch.cli.Command.mainWithoutErrorHandling(Command.java:134) ~[1/:?]
	at org.elasticsearch.cli.Command.main(Command.java:90) ~[1/:?]
	at org.elasticsearch.bootstrap.Elasticsearch.main(Elasticsearch.java:92) ~[1/:?]
	at org.elasticsearch.bootstrap.Elasticsearch.main(Elasticsearch.java:85) ~[1/:?]
Caused by: java.lang.IllegalStateException: codebase property already set: commons-codec-1.10.jar->file:/C:/Users/Administrator/git/es6.0/elasticsearch/core/modules/reindex/commons-codec-1.10.jar
	at org.elasticsearch.bootstrap.Security.readPolicy(Security.java:229) ~[1/:?]
	at org.elasticsearch.bootstrap.Security.getPluginPermissions(Unknown Source) ~[1/:?]
	at org.elasticsearch.bootstrap.Security.configure(Unknown Source) ~[1/:?]
	at org.elasticsearch.bootstrap.Bootstrap.setup(Bootstrap.java:207) ~[1/:?]
	at org.elasticsearch.bootstrap.Bootstrap.init(Bootstrap.java:322) ~[1/:?]
	at org.elasticsearch.bootstrap.Elasticsearch.init(Elasticsearch.java:130) ~[1/:?]
	... 6 more
[2018-05-24T14:57:13,258][INFO ][o.e.n.Node               ] [] initializing ...
[2018-05-24T14:57:13,747][INFO ][o.e.e.NodeEnvironment    ] [7buGax5] using [1] data paths, mounts [[(C:)]], net usable_space [33.6gb], net total_space [80gb], types [NTFS]
[2018-05-24T14:57:13,748][INFO ][o.e.e.NodeEnvironment    ] [7buGax5] heap size [1.7gb], compressed ordinary object pointers [true]
[2018-05-24T14:57:13,754][INFO ][o.e.n.Node               ] node name [7buGax5] derived from node ID [7buGax5-QAqEs8Lmr7ik6g]; set [node.name] to override
[2018-05-24T14:57:13,754][INFO ][o.e.n.Node               ] version[6.0.2], pid[9460], build[Unknown/Unknown], OS[Windows 10/10.0/amd64], JVM[Oracle Corporation/Java HotSpot(TM) 64-Bit Server VM/1.8.0_171/25.171-b11]
[2018-05-24T14:57:13,755][INFO ][o.e.n.Node               ] JVM arguments [-agentlib:jdwp=transport=dt_socket,suspend=y,address=localhost:63672, -Des.path.conf=C:\Users\Administrator\git\es6.0\elasticsearch\core\src\main\resources, -Des.path.home=C:\Users\Administrator\git\es6.0\elasticsearch\core, -Djava.security.policy=C:\Users\Administrator\git\es6.0\elasticsearch\distribution\src\main\resources\config\elasticsearch.policy, -Dlog4j2.disable.jmx=true, -Dfile.encoding=GBK]
[2018-05-24T14:57:13,767][ERROR][o.e.b.Bootstrap          ] Exception
java.lang.IllegalArgumentException: plugin [aggs-matrix-stats] is incompatible with version [6.0.2]; was designed for version [6.0.0]
	at org.elasticsearch.plugins.PluginInfo.readFromProperties(PluginInfo.java:155) ~[1/:?]
	at org.elasticsearch.plugins.PluginsService.getModuleBundles(PluginsService.java:275) ~[1/:?]
	at org.elasticsearch.plugins.PluginsService.<init>(PluginsService.java:119) ~[1/:?]
	at org.elasticsearch.node.Node.<init>(Node.java:302) ~[1/:?]
	at org.elasticsearch.node.Node.<init>(Node.java:245) ~[1/:?]
	at org.elasticsearch.bootstrap.Bootstrap$5.<init>(Bootstrap.java:212) ~[1/:?]
	at org.elasticsearch.bootstrap.Bootstrap.setup(Bootstrap.java:212) ~[1/:?]
	at org.elasticsearch.bootstrap.Bootstrap.init(Bootstrap.java:322) [1/:?]
	at org.elasticsearch.bootstrap.Elasticsearch.init(Elasticsearch.java:130) [1/:?]
	at org.elasticsearch.bootstrap.Elasticsearch.execute(Elasticsearch.java:121) [1/:?]
	at org.elasticsearch.cli.EnvironmentAwareCommand.execute(EnvironmentAwareCommand.java:69) [1/:?]
	at org.elasticsearch.cli.Command.mainWithoutErrorHandling(Command.java:134) [1/:?]
	at org.elasticsearch.cli.Command.main(Command.java:90) [1/:?]
	at org.elasticsearch.bootstrap.Elasticsearch.main(Elasticsearch.java:92) [1/:?]
	at org.elasticsearch.bootstrap.Elasticsearch.main(Elasticsearch.java:85) [1/:?]
[2018-05-24T14:57:15,135][WARN ][o.e.b.ElasticsearchUncaughtExceptionHandler] [] uncaught exception in thread [main]
org.elasticsearch.bootstrap.StartupException: java.lang.IllegalArgumentException: plugin [aggs-matrix-stats] is incompatible with version [6.0.2]; was designed for version [6.0.0]
	at org.elasticsearch.bootstrap.Elasticsearch.init(Elasticsearch.java:134) ~[1/:?]
	at org.elasticsearch.bootstrap.Elasticsearch.execute(Elasticsearch.java:121) ~[1/:?]
	at org.elasticsearch.cli.EnvironmentAwareCommand.execute(EnvironmentAwareCommand.java:69) ~[1/:?]
	at org.elasticsearch.cli.Command.mainWithoutErrorHandling(Command.java:134) ~[1/:?]
	at org.elasticsearch.cli.Command.main(Command.java:90) ~[1/:?]
	at org.elasticsearch.bootstrap.Elasticsearch.main(Elasticsearch.java:92) ~[1/:?]
	at org.elasticsearch.bootstrap.Elasticsearch.main(Elasticsearch.java:85) ~[1/:?]
Caused by: java.lang.IllegalArgumentException: plugin [aggs-matrix-stats] is incompatible with version [6.0.2]; was designed for version [6.0.0]
	at org.elasticsearch.plugins.PluginInfo.readFromProperties(PluginInfo.java:155) ~[1/:?]
	at org.elasticsearch.plugins.PluginsService.getModuleBundles(PluginsService.java:275) ~[1/:?]
	at org.elasticsearch.plugins.PluginsService.<init>(PluginsService.java:119) ~[1/:?]
	at org.elasticsearch.node.Node.<init>(Node.java:302) ~[1/:?]
	at org.elasticsearch.node.Node.<init>(Node.java:245) ~[1/:?]
	at org.elasticsearch.bootstrap.Bootstrap$5.<init>(Bootstrap.java:212) ~[1/:?]
	at org.elasticsearch.bootstrap.Bootstrap.setup(Bootstrap.java:212) ~[1/:?]
	at org.elasticsearch.bootstrap.Bootstrap.init(Bootstrap.java:322) ~[1/:?]
	at org.elasticsearch.bootstrap.Elasticsearch.init(Elasticsearch.java:130) ~[1/:?]
	... 6 more
[2018-05-24T14:58:15,511][ERROR][o.e.b.Bootstrap          ] Exception
java.lang.StringIndexOutOfBoundsException: String index out of range: -1
	at java.lang.String.substring(Unknown Source) ~[?:1.8.0_171]
	at org.elasticsearch.bootstrap.Security.readPolicy(Security.java:222) ~[1/:?]
	at org.elasticsearch.bootstrap.Security.getPluginPermissions(Security.java:179) ~[1/:?]
	at org.elasticsearch.bootstrap.Security.configure(Security.java:121) ~[1/:?]
	at org.elasticsearch.bootstrap.Bootstrap.setup(Bootstrap.java:207) ~[1/:?]
	at org.elasticsearch.bootstrap.Bootstrap.init(Bootstrap.java:322) [1/:?]
	at org.elasticsearch.bootstrap.Elasticsearch.init(Elasticsearch.java:130) [1/:?]
	at org.elasticsearch.bootstrap.Elasticsearch.execute(Elasticsearch.java:121) [1/:?]
	at org.elasticsearch.cli.EnvironmentAwareCommand.execute(EnvironmentAwareCommand.java:69) [1/:?]
	at org.elasticsearch.cli.Command.mainWithoutErrorHandling(Command.java:134) [1/:?]
	at org.elasticsearch.cli.Command.main(Command.java:90) [1/:?]
	at org.elasticsearch.bootstrap.Elasticsearch.main(Elasticsearch.java:92) [1/:?]
	at org.elasticsearch.bootstrap.Elasticsearch.main(Elasticsearch.java:85) [1/:?]
[2018-05-24T14:58:15,533][WARN ][o.e.b.ElasticsearchUncaughtExceptionHandler] [] uncaught exception in thread [main]
org.elasticsearch.bootstrap.StartupException: java.lang.StringIndexOutOfBoundsException: String index out of range: -1
	at org.elasticsearch.bootstrap.Elasticsearch.init(Elasticsearch.java:134) ~[1/:?]
	at org.elasticsearch.bootstrap.Elasticsearch.execute(Elasticsearch.java:121) ~[1/:?]
	at org.elasticsearch.cli.EnvironmentAwareCommand.execute(EnvironmentAwareCommand.java:69) ~[1/:?]
	at org.elasticsearch.cli.Command.mainWithoutErrorHandling(Command.java:134) ~[1/:?]
	at org.elasticsearch.cli.Command.main(Command.java:90) ~[1/:?]
	at org.elasticsearch.bootstrap.Elasticsearch.main(Elasticsearch.java:92) ~[1/:?]
	at org.elasticsearch.bootstrap.Elasticsearch.main(Elasticsearch.java:85) ~[1/:?]
Caused by: java.lang.StringIndexOutOfBoundsException: String index out of range: -1
	at java.lang.String.substring(Unknown Source) ~[?:1.8.0_171]
	at org.elasticsearch.bootstrap.Security.readPolicy(Security.java:222) ~[1/:?]
	at org.elasticsearch.bootstrap.Security.getPluginPermissions(Security.java:179) ~[1/:?]
	at org.elasticsearch.bootstrap.Security.configure(Security.java:121) ~[1/:?]
	at org.elasticsearch.bootstrap.Bootstrap.setup(Bootstrap.java:207) ~[1/:?]
	at org.elasticsearch.bootstrap.Bootstrap.init(Bootstrap.java:322) ~[1/:?]
	at org.elasticsearch.bootstrap.Elasticsearch.init(Elasticsearch.java:130) ~[1/:?]
	... 6 more
[2018-05-24T15:02:44,955][INFO ][o.e.n.Node               ] [] initializing ...
[2018-05-24T15:02:45,166][INFO ][o.e.e.NodeEnvironment    ] [7buGax5] using [1] data paths, mounts [[(C:)]], net usable_space [33.6gb], net total_space [80gb], types [NTFS]
[2018-05-24T15:02:45,166][INFO ][o.e.e.NodeEnvironment    ] [7buGax5] heap size [1.7gb], compressed ordinary object pointers [true]
[2018-05-24T15:02:45,173][INFO ][o.e.n.Node               ] node name [7buGax5] derived from node ID [7buGax5-QAqEs8Lmr7ik6g]; set [node.name] to override
[2018-05-24T15:02:45,174][INFO ][o.e.n.Node               ] version[6.0.0], pid[9716], build[Unknown/Unknown], OS[Windows 10/10.0/amd64], JVM[Oracle Corporation/Java HotSpot(TM) 64-Bit Server VM/1.8.0_171/25.171-b11]
[2018-05-24T15:02:45,174][INFO ][o.e.n.Node               ] JVM arguments [-Des.path.conf=C:\Users\Administrator\git\es6.0\elasticsearch\core\src\main\resources, -Des.path.home=C:\Users\Administrator\git\es6.0\elasticsearch\core, -Djava.security.policy=C:\Users\Administrator\git\es6.0\elasticsearch\distribution\src\main\resources\config\elasticsearch.policy, -Dlog4j2.disable.jmx=true, -Dfile.encoding=GBK]
[2018-05-24T15:02:58,029][INFO ][o.e.p.PluginsService     ] [7buGax5] loaded module [aggs-matrix-stats]
[2018-05-24T15:02:58,029][INFO ][o.e.p.PluginsService     ] [7buGax5] loaded module [analysis-common]
[2018-05-24T15:02:58,029][INFO ][o.e.p.PluginsService     ] [7buGax5] loaded module [ingest-common]
[2018-05-24T15:02:58,029][INFO ][o.e.p.PluginsService     ] [7buGax5] loaded module [lang-expression]
[2018-05-24T15:02:58,030][INFO ][o.e.p.PluginsService     ] [7buGax5] loaded module [lang-mustache]
[2018-05-24T15:02:58,030][INFO ][o.e.p.PluginsService     ] [7buGax5] loaded module [lang-painless]
[2018-05-24T15:02:58,030][INFO ][o.e.p.PluginsService     ] [7buGax5] loaded module [parent-join]
[2018-05-24T15:02:58,030][INFO ][o.e.p.PluginsService     ] [7buGax5] loaded module [percolator]
[2018-05-24T15:02:58,030][INFO ][o.e.p.PluginsService     ] [7buGax5] loaded module [reindex]
[2018-05-24T15:02:58,030][INFO ][o.e.p.PluginsService     ] [7buGax5] loaded module [repository-url]
[2018-05-24T15:02:58,030][INFO ][o.e.p.PluginsService     ] [7buGax5] loaded module [transport-netty4]
[2018-05-24T15:02:58,030][INFO ][o.e.p.PluginsService     ] [7buGax5] loaded module [tribe]
[2018-05-24T15:02:58,031][INFO ][o.e.p.PluginsService     ] [7buGax5] no plugins loaded
[2018-05-24T15:03:02,341][INFO ][o.e.d.DiscoveryModule    ] [7buGax5] using discovery type [zen]
[2018-05-24T15:03:03,442][INFO ][o.e.n.Node               ] initialized
[2018-05-24T15:03:03,443][INFO ][o.e.n.Node               ] [7buGax5] starting ...
[2018-05-24T15:03:03,584][INFO ][i.n.u.i.PlatformDependent] Your platform does not provide complete low-level API for accessing direct buffers reliably. Unless explicitly requested, heap buffer will always be preferred to avoid potential system instability.
[2018-05-24T15:03:04,518][INFO ][o.e.t.TransportService   ] [7buGax5] publish_address {127.0.0.1:9300}, bound_addresses {127.0.0.1:9300}, {[::1]:9300}
[2018-05-24T15:03:04,535][WARN ][o.e.b.BootstrapChecks    ] [7buGax5] initial heap size [134217728] not equal to maximum heap size [2120220672]; this can cause resize pauses and prevents mlockall from locking the entire heap
[2018-05-24T15:03:07,607][INFO ][o.e.c.s.MasterService    ] [7buGax5] zen-disco-elected-as-master ([0] nodes joined), reason: new_master {7buGax5}{7buGax5-QAqEs8Lmr7ik6g}{ZrswfSkjQhaV45R9y3S54g}{127.0.0.1}{127.0.0.1:9300}
[2018-05-24T15:03:07,614][INFO ][o.e.c.s.ClusterApplierService] [7buGax5] new_master {7buGax5}{7buGax5-QAqEs8Lmr7ik6g}{ZrswfSkjQhaV45R9y3S54g}{127.0.0.1}{127.0.0.1:9300}, reason: apply cluster state (from master [master {7buGax5}{7buGax5-QAqEs8Lmr7ik6g}{ZrswfSkjQhaV45R9y3S54g}{127.0.0.1}{127.0.0.1:9300} committed version [1] source [zen-disco-elected-as-master ([0] nodes joined)]])
[2018-05-24T15:03:07,665][INFO ][o.e.g.GatewayService     ] [7buGax5] recovered [0] indices into cluster_state
[2018-05-24T15:03:08,072][INFO ][o.e.h.n.Netty4HttpServerTransport] [7buGax5] publish_address {127.0.0.1:9200}, bound_addresses {127.0.0.1:9200}, {[::1]:9200}
[2018-05-24T15:03:08,072][INFO ][o.e.n.Node               ] [7buGax5] started
[2018-05-24T15:31:02,437][INFO ][o.e.n.Node               ] [] initializing ...
[2018-05-24T15:31:02,921][INFO ][o.e.e.NodeEnvironment    ] [7buGax5] using [1] data paths, mounts [[(C:)]], net usable_space [33.6gb], net total_space [80gb], types [NTFS]
[2018-05-24T15:31:02,924][INFO ][o.e.e.NodeEnvironment    ] [7buGax5] heap size [1.7gb], compressed ordinary object pointers [true]
[2018-05-24T15:31:02,933][INFO ][o.e.n.Node               ] node name [7buGax5] derived from node ID [7buGax5-QAqEs8Lmr7ik6g]; set [node.name] to override
[2018-05-24T15:31:02,934][INFO ][o.e.n.Node               ] version[6.0.0], pid[10532], build[Unknown/Unknown], OS[Windows 10/10.0/amd64], JVM[Oracle Corporation/Java HotSpot(TM) 64-Bit Server VM/1.8.0_171/25.171-b11]
[2018-05-24T15:31:02,934][INFO ][o.e.n.Node               ] JVM arguments [-agentlib:jdwp=transport=dt_socket,suspend=y,address=localhost:65411, -Des.path.conf=C:\Users\Administrator\git\es6.0\elasticsearch\core\src\main\resources, -Des.path.home=C:\Users\Administrator\git\es6.0\elasticsearch\core, -Djava.security.policy=C:\Users\Administrator\git\es6.0\elasticsearch\distribution\src\main\resources\config\elasticsearch.policy, -Dlog4j2.disable.jmx=true, -Dfile.encoding=GBK]
[2018-05-24T15:31:18,864][INFO ][o.e.p.PluginsService     ] [7buGax5] loaded module [aggs-matrix-stats]
[2018-05-24T15:31:18,865][INFO ][o.e.p.PluginsService     ] [7buGax5] loaded module [analysis-common]
[2018-05-24T15:31:18,865][INFO ][o.e.p.PluginsService     ] [7buGax5] loaded module [ingest-common]
[2018-05-24T15:31:18,865][INFO ][o.e.p.PluginsService     ] [7buGax5] loaded module [lang-expression]
[2018-05-24T15:31:18,865][INFO ][o.e.p.PluginsService     ] [7buGax5] loaded module [lang-mustache]
[2018-05-24T15:31:18,865][INFO ][o.e.p.PluginsService     ] [7buGax5] loaded module [lang-painless]
[2018-05-24T15:31:18,866][INFO ][o.e.p.PluginsService     ] [7buGax5] loaded module [parent-join]
[2018-05-24T15:31:18,866][INFO ][o.e.p.PluginsService     ] [7buGax5] loaded module [percolator]
[2018-05-24T15:31:18,866][INFO ][o.e.p.PluginsService     ] [7buGax5] loaded module [reindex]
[2018-05-24T15:31:18,866][INFO ][o.e.p.PluginsService     ] [7buGax5] loaded module [repository-url]
[2018-05-24T15:31:18,866][INFO ][o.e.p.PluginsService     ] [7buGax5] loaded module [transport-netty4]
[2018-05-24T15:31:18,866][INFO ][o.e.p.PluginsService     ] [7buGax5] loaded module [tribe]
[2018-05-24T15:31:18,869][INFO ][o.e.p.PluginsService     ] [7buGax5] no plugins loaded
[2018-05-24T15:31:23,784][INFO ][o.e.d.DiscoveryModule    ] [7buGax5] using discovery type [zen]
[2018-05-24T15:31:25,058][INFO ][o.e.n.Node               ] initialized
[2018-05-24T15:31:25,058][INFO ][o.e.n.Node               ] [7buGax5] starting ...
[2018-05-24T15:31:25,189][INFO ][i.n.u.i.PlatformDependent] Your platform does not provide complete low-level API for accessing direct buffers reliably. Unless explicitly requested, heap buffer will always be preferred to avoid potential system instability.
[2018-05-24T15:31:26,173][INFO ][o.e.t.TransportService   ] [7buGax5] publish_address {127.0.0.1:9300}, bound_addresses {127.0.0.1:9300}, {[::1]:9300}
[2018-05-24T15:31:26,208][WARN ][o.e.b.BootstrapChecks    ] [7buGax5] initial heap size [134217728] not equal to maximum heap size [2120220672]; this can cause resize pauses and prevents mlockall from locking the entire heap
[2018-05-24T15:31:29,346][INFO ][o.e.c.s.MasterService    ] [7buGax5] zen-disco-elected-as-master ([0] nodes joined), reason: new_master {7buGax5}{7buGax5-QAqEs8Lmr7ik6g}{xh-Sc01FSgugzJheZeuI8Q}{127.0.0.1}{127.0.0.1:9300}
[2018-05-24T15:31:29,355][INFO ][o.e.c.s.ClusterApplierService] [7buGax5] new_master {7buGax5}{7buGax5-QAqEs8Lmr7ik6g}{xh-Sc01FSgugzJheZeuI8Q}{127.0.0.1}{127.0.0.1:9300}, reason: apply cluster state (from master [master {7buGax5}{7buGax5-QAqEs8Lmr7ik6g}{xh-Sc01FSgugzJheZeuI8Q}{127.0.0.1}{127.0.0.1:9300} committed version [1] source [zen-disco-elected-as-master ([0] nodes joined)]])
[2018-05-24T15:31:29,432][INFO ][o.e.g.GatewayService     ] [7buGax5] recovered [0] indices into cluster_state
[2018-05-24T15:31:29,898][INFO ][o.e.h.n.Netty4HttpServerTransport] [7buGax5] publish_address {127.0.0.1:9200}, bound_addresses {127.0.0.1:9200}, {[::1]:9200}
[2018-05-24T15:31:29,899][INFO ][o.e.n.Node               ] [7buGax5] started
[2018-05-24T15:41:33,565][INFO ][o.e.c.m.MetaDataCreateIndexService] [7buGax5] [blog] creating index, cause [api], templates [], shards [5]/[1], mappings []
[2018-05-24T15:41:34,768][INFO ][o.e.m.j.JvmGcMonitorService] [7buGax5] [gc][609] overhead, spent [277ms] collecting in the last [1s]
[2018-05-24T16:04:18,521][INFO ][o.e.n.Node               ] [] initializing ...
[2018-05-24T16:04:18,712][INFO ][o.e.e.NodeEnvironment    ] [7buGax5] using [1] data paths, mounts [[(C:)]], net usable_space [33.6gb], net total_space [80gb], types [NTFS]
[2018-05-24T16:04:18,713][INFO ][o.e.e.NodeEnvironment    ] [7buGax5] heap size [1.7gb], compressed ordinary object pointers [true]
[2018-05-24T16:04:18,798][INFO ][o.e.n.Node               ] node name [7buGax5] derived from node ID [7buGax5-QAqEs8Lmr7ik6g]; set [node.name] to override
[2018-05-24T16:04:18,799][INFO ][o.e.n.Node               ] version[6.0.0], pid[9900], build[Unknown/Unknown], OS[Windows 10/10.0/amd64], JVM[Oracle Corporation/Java HotSpot(TM) 64-Bit Server VM/1.8.0_171/25.171-b11]
[2018-05-24T16:04:18,799][INFO ][o.e.n.Node               ] JVM arguments [-agentlib:jdwp=transport=dt_socket,suspend=y,address=localhost:51397, -Des.path.conf=C:\Users\Administrator\git\es6.0\elasticsearch\core\src\main\resources, -Des.path.home=C:\Users\Administrator\git\es6.0\elasticsearch\core, -Djava.security.policy=C:\Users\Administrator\git\es6.0\elasticsearch\distribution\src\main\resources\config\elasticsearch.policy, -Dlog4j2.disable.jmx=true, -Dfile.encoding=GBK]
[2018-05-24T16:04:32,064][INFO ][o.e.p.PluginsService     ] [7buGax5] loaded module [aggs-matrix-stats]
[2018-05-24T16:04:32,064][INFO ][o.e.p.PluginsService     ] [7buGax5] loaded module [analysis-common]
[2018-05-24T16:04:32,064][INFO ][o.e.p.PluginsService     ] [7buGax5] loaded module [ingest-common]
[2018-05-24T16:04:32,064][INFO ][o.e.p.PluginsService     ] [7buGax5] loaded module [lang-expression]
[2018-05-24T16:04:32,064][INFO ][o.e.p.PluginsService     ] [7buGax5] loaded module [lang-mustache]
[2018-05-24T16:04:32,065][INFO ][o.e.p.PluginsService     ] [7buGax5] loaded module [lang-painless]
[2018-05-24T16:04:32,065][INFO ][o.e.p.PluginsService     ] [7buGax5] loaded module [parent-join]
[2018-05-24T16:04:32,065][INFO ][o.e.p.PluginsService     ] [7buGax5] loaded module [percolator]
[2018-05-24T16:04:32,065][INFO ][o.e.p.PluginsService     ] [7buGax5] loaded module [reindex]
[2018-05-24T16:04:32,065][INFO ][o.e.p.PluginsService     ] [7buGax5] loaded module [repository-url]
[2018-05-24T16:04:32,066][INFO ][o.e.p.PluginsService     ] [7buGax5] loaded module [transport-netty4]
[2018-05-24T16:04:32,066][INFO ][o.e.p.PluginsService     ] [7buGax5] loaded module [tribe]
[2018-05-24T16:04:32,066][INFO ][o.e.p.PluginsService     ] [7buGax5] no plugins loaded
[2018-05-24T16:04:36,384][INFO ][o.e.d.DiscoveryModule    ] [7buGax5] using discovery type [zen]
[2018-05-24T16:04:37,610][INFO ][o.e.n.Node               ] initialized
[2018-05-24T16:04:37,610][INFO ][o.e.n.Node               ] [7buGax5] starting ...
[2018-05-24T16:04:37,737][INFO ][i.n.u.i.PlatformDependent] Your platform does not provide complete low-level API for accessing direct buffers reliably. Unless explicitly requested, heap buffer will always be preferred to avoid potential system instability.
[2018-05-24T16:04:38,758][INFO ][o.e.t.TransportService   ] [7buGax5] publish_address {127.0.0.1:9300}, bound_addresses {127.0.0.1:9300}, {[::1]:9300}
[2018-05-24T16:04:38,782][WARN ][o.e.b.BootstrapChecks    ] [7buGax5] initial heap size [134217728] not equal to maximum heap size [2120220672]; this can cause resize pauses and prevents mlockall from locking the entire heap
[2018-05-24T16:04:41,884][INFO ][o.e.c.s.MasterService    ] [7buGax5] zen-disco-elected-as-master ([0] nodes joined), reason: new_master {7buGax5}{7buGax5-QAqEs8Lmr7ik6g}{L50IGfnzR9ewXY3xwGFpDQ}{127.0.0.1}{127.0.0.1:9300}
[2018-05-24T16:04:41,892][INFO ][o.e.c.s.ClusterApplierService] [7buGax5] new_master {7buGax5}{7buGax5-QAqEs8Lmr7ik6g}{L50IGfnzR9ewXY3xwGFpDQ}{127.0.0.1}{127.0.0.1:9300}, reason: apply cluster state (from master [master {7buGax5}{7buGax5-QAqEs8Lmr7ik6g}{L50IGfnzR9ewXY3xwGFpDQ}{127.0.0.1}{127.0.0.1:9300} committed version [1] source [zen-disco-elected-as-master ([0] nodes joined)]])
[2018-05-24T16:04:42,259][INFO ][o.e.g.GatewayService     ] [7buGax5] recovered [1] indices into cluster_state
[2018-05-24T16:04:42,726][INFO ][o.e.h.n.Netty4HttpServerTransport] [7buGax5] publish_address {127.0.0.1:9200}, bound_addresses {127.0.0.1:9200}, {[::1]:9200}
[2018-05-24T16:04:42,727][INFO ][o.e.n.Node               ] [7buGax5] started
[2018-05-24T16:04:43,026][INFO ][o.e.c.r.a.AllocationService] [7buGax5] Cluster health status changed from [RED] to [YELLOW] (reason: [shards started [[blog][4]] ...]).
[2018-05-24T16:04:54,707][INFO ][o.e.m.j.JvmGcMonitorService] [7buGax5] [gc][17] overhead, spent [290ms] collecting in the last [1s]
[2018-05-24T16:10:28,895][INFO ][o.e.c.m.MetaDataMappingService] [7buGax5] [blog/7yylE7gVQmKE_Gzq6jk0fA] create_mapping [test]
[2018-05-24T16:53:34,263][INFO ][o.e.n.Node               ] [] initializing ...
[2018-05-24T16:53:34,502][INFO ][o.e.e.NodeEnvironment    ] [7buGax5] using [1] data paths, mounts [[(C:)]], net usable_space [33.5gb], net total_space [80gb], types [NTFS]
[2018-05-24T16:53:34,503][INFO ][o.e.e.NodeEnvironment    ] [7buGax5] heap size [1.7gb], compressed ordinary object pointers [true]
[2018-05-24T16:53:34,595][INFO ][o.e.n.Node               ] node name [7buGax5] derived from node ID [7buGax5-QAqEs8Lmr7ik6g]; set [node.name] to override
[2018-05-24T16:53:34,595][INFO ][o.e.n.Node               ] version[6.0.0], pid[3552], build[Unknown/Unknown], OS[Windows 10/10.0/amd64], JVM[Oracle Corporation/Java HotSpot(TM) 64-Bit Server VM/1.8.0_171/25.171-b11]
[2018-05-24T16:53:34,596][INFO ][o.e.n.Node               ] JVM arguments [-agentlib:jdwp=transport=dt_socket,suspend=y,address=localhost:54590, -Des.path.conf=C:\Users\Administrator\git\es6.0\elasticsearch\core\src\main\resources, -Des.path.home=C:\Users\Administrator\git\es6.0\elasticsearch\core, -Djava.security.policy=C:\Users\Administrator\git\es6.0\elasticsearch\distribution\src\main\resources\config\elasticsearch.policy, -Dlog4j2.disable.jmx=true, -Dfile.encoding=GBK]
[2018-05-24T16:53:47,451][ERROR][o.e.b.Bootstrap          ] Exception
java.lang.IllegalStateException: failed to load plugin - Plugin information:
Name: transport-netty4
Description: Netty 4 based transport implementation
Version: 6.0.0
Native Controller: false
Requires Keystore: false
 * Classname: org.elasticsearch.transport.Netty4Plugin due to jar hell
	at org.elasticsearch.plugins.PluginsService.loadBundles(PluginsService.java:381) ~[1/:?]
	at org.elasticsearch.plugins.PluginsService.<init>(PluginsService.java:142) ~[1/:?]
	at org.elasticsearch.node.Node.<init>(Node.java:302) ~[1/:?]
	at org.elasticsearch.node.Node.<init>(Node.java:245) ~[1/:?]
	at org.elasticsearch.bootstrap.Bootstrap$5.<init>(Bootstrap.java:212) ~[1/:?]
	at org.elasticsearch.bootstrap.Bootstrap.setup(Bootstrap.java:212) ~[1/:?]
	at org.elasticsearch.bootstrap.Bootstrap.init(Bootstrap.java:322) [1/:?]
	at org.elasticsearch.bootstrap.Elasticsearch.init(Elasticsearch.java:130) [1/:?]
	at org.elasticsearch.bootstrap.Elasticsearch.execute(Elasticsearch.java:121) [1/:?]
	at org.elasticsearch.cli.EnvironmentAwareCommand.execute(EnvironmentAwareCommand.java:69) [1/:?]
	at org.elasticsearch.cli.Command.mainWithoutErrorHandling(Command.java:134) [1/:?]
	at org.elasticsearch.cli.Command.main(Command.java:90) [1/:?]
	at org.elasticsearch.bootstrap.Elasticsearch.main(Elasticsearch.java:92) [1/:?]
	at org.elasticsearch.bootstrap.Elasticsearch.main(Elasticsearch.java:85) [1/:?]
Caused by: java.lang.IllegalStateException: jar hell!
class: org.elasticsearch.http.netty4.Netty4HttpRequest$1
jar1: C:\Users\Administrator\git\es6.0\elasticsearch\core\src\main\transport-netty4-client-6.0.0.jar
jar2: C:\Users\Administrator\git\es6.0\elasticsearch\core\modules\transport-netty4\transport-netty4-6.0.0.jar
	at org.elasticsearch.bootstrap.JarHell.checkClass(JarHell.java:280) ~[1/:?]
	at org.elasticsearch.bootstrap.JarHell.checkJarHell(JarHell.java:192) ~[1/:?]
	at org.elasticsearch.plugins.PluginsService.loadBundles(PluginsService.java:379) ~[1/:?]
	... 13 more
[2018-05-24T16:53:52,616][WARN ][o.e.b.ElasticsearchUncaughtExceptionHandler] [] uncaught exception in thread [main]
org.elasticsearch.bootstrap.StartupException: java.lang.IllegalStateException: failed to load plugin - Plugin information:
Name: transport-netty4
Description: Netty 4 based transport implementation
Version: 6.0.0
Native Controller: false
Requires Keystore: false
 * Classname: org.elasticsearch.transport.Netty4Plugin due to jar hell
	at org.elasticsearch.bootstrap.Elasticsearch.init(Elasticsearch.java:134) ~[1/:?]
	at org.elasticsearch.bootstrap.Elasticsearch.execute(Elasticsearch.java:121) ~[1/:?]
	at org.elasticsearch.cli.EnvironmentAwareCommand.execute(EnvironmentAwareCommand.java:69) ~[1/:?]
	at org.elasticsearch.cli.Command.mainWithoutErrorHandling(Command.java:134) ~[1/:?]
	at org.elasticsearch.cli.Command.main(Command.java:90) ~[1/:?]
	at org.elasticsearch.bootstrap.Elasticsearch.main(Elasticsearch.java:92) ~[1/:?]
	at org.elasticsearch.bootstrap.Elasticsearch.main(Elasticsearch.java:85) ~[1/:?]
Caused by: java.lang.IllegalStateException: failed to load plugin - Plugin information:
Name: transport-netty4
Description: Netty 4 based transport implementation
Version: 6.0.0
Native Controller: false
Requires Keystore: false
 * Classname: org.elasticsearch.transport.Netty4Plugin due to jar hell
	at org.elasticsearch.plugins.PluginsService.loadBundles(PluginsService.java:381) ~[1/:?]
	at org.elasticsearch.plugins.PluginsService.<init>(PluginsService.java:142) ~[1/:?]
	at org.elasticsearch.node.Node.<init>(Node.java:302) ~[1/:?]
	at org.elasticsearch.node.Node.<init>(Node.java:245) ~[1/:?]
	at org.elasticsearch.bootstrap.Bootstrap$5.<init>(Bootstrap.java:212) ~[1/:?]
	at org.elasticsearch.bootstrap.Bootstrap.setup(Bootstrap.java:212) ~[1/:?]
	at org.elasticsearch.bootstrap.Bootstrap.init(Bootstrap.java:322) ~[1/:?]
	at org.elasticsearch.bootstrap.Elasticsearch.init(Elasticsearch.java:130) ~[1/:?]
	... 6 more
Caused by: java.lang.IllegalStateException: jar hell!
class: org.elasticsearch.http.netty4.Netty4HttpRequest$1
jar1: C:\Users\Administrator\git\es6.0\elasticsearch\core\src\main\transport-netty4-client-6.0.0.jar
jar2: C:\Users\Administrator\git\es6.0\elasticsearch\core\modules\transport-netty4\transport-netty4-6.0.0.jar
	at org.elasticsearch.bootstrap.JarHell.checkClass(JarHell.java:280) ~[1/:?]
	at org.elasticsearch.bootstrap.JarHell.checkJarHell(JarHell.java:192) ~[1/:?]
	at org.elasticsearch.plugins.PluginsService.loadBundles(PluginsService.java:379) ~[1/:?]
	at org.elasticsearch.plugins.PluginsService.<init>(PluginsService.java:142) ~[1/:?]
	at org.elasticsearch.node.Node.<init>(Node.java:302) ~[1/:?]
	at org.elasticsearch.node.Node.<init>(Node.java:245) ~[1/:?]
	at org.elasticsearch.bootstrap.Bootstrap$5.<init>(Bootstrap.java:212) ~[1/:?]
	at org.elasticsearch.bootstrap.Bootstrap.setup(Bootstrap.java:212) ~[1/:?]
	at org.elasticsearch.bootstrap.Bootstrap.init(Bootstrap.java:322) ~[1/:?]
	at org.elasticsearch.bootstrap.Elasticsearch.init(Elasticsearch.java:130) ~[1/:?]
	... 6 more
[2018-05-24T16:54:30,808][INFO ][o.e.n.Node               ] [] initializing ...
[2018-05-24T16:54:31,049][INFO ][o.e.e.NodeEnvironment    ] [7buGax5] using [1] data paths, mounts [[(C:)]], net usable_space [33.5gb], net total_space [80gb], types [NTFS]
[2018-05-24T16:54:31,050][INFO ][o.e.e.NodeEnvironment    ] [7buGax5] heap size [1.7gb], compressed ordinary object pointers [true]
[2018-05-24T16:54:31,144][INFO ][o.e.n.Node               ] node name [7buGax5] derived from node ID [7buGax5-QAqEs8Lmr7ik6g]; set [node.name] to override
[2018-05-24T16:54:31,145][INFO ][o.e.n.Node               ] version[6.0.0], pid[6708], build[Unknown/Unknown], OS[Windows 10/10.0/amd64], JVM[Oracle Corporation/Java HotSpot(TM) 64-Bit Server VM/1.8.0_171/25.171-b11]
[2018-05-24T16:54:31,145][INFO ][o.e.n.Node               ] JVM arguments [-agentlib:jdwp=transport=dt_socket,suspend=y,address=localhost:54618, -Des.path.conf=C:\Users\Administrator\git\es6.0\elasticsearch\core\src\main\resources, -Des.path.home=C:\Users\Administrator\git\es6.0\elasticsearch\core, -Djava.security.policy=C:\Users\Administrator\git\es6.0\elasticsearch\distribution\src\main\resources\config\elasticsearch.policy, -Dlog4j2.disable.jmx=true, -Dfile.encoding=GBK]
[2018-05-24T16:54:44,273][INFO ][o.e.p.PluginsService     ] [7buGax5] loaded module [aggs-matrix-stats]
[2018-05-24T16:54:44,273][INFO ][o.e.p.PluginsService     ] [7buGax5] loaded module [analysis-common]
[2018-05-24T16:54:44,274][INFO ][o.e.p.PluginsService     ] [7buGax5] loaded module [ingest-common]
[2018-05-24T16:54:44,274][INFO ][o.e.p.PluginsService     ] [7buGax5] loaded module [lang-expression]
[2018-05-24T16:54:44,274][INFO ][o.e.p.PluginsService     ] [7buGax5] loaded module [lang-mustache]
[2018-05-24T16:54:44,274][INFO ][o.e.p.PluginsService     ] [7buGax5] loaded module [lang-painless]
[2018-05-24T16:54:44,275][INFO ][o.e.p.PluginsService     ] [7buGax5] loaded module [parent-join]
[2018-05-24T16:54:44,275][INFO ][o.e.p.PluginsService     ] [7buGax5] loaded module [percolator]
[2018-05-24T16:54:44,275][INFO ][o.e.p.PluginsService     ] [7buGax5] loaded module [reindex]
[2018-05-24T16:54:44,275][INFO ][o.e.p.PluginsService     ] [7buGax5] loaded module [repository-url]
[2018-05-24T16:54:44,275][INFO ][o.e.p.PluginsService     ] [7buGax5] loaded module [transport-netty4]
[2018-05-24T16:54:44,276][INFO ][o.e.p.PluginsService     ] [7buGax5] loaded module [tribe]
[2018-05-24T16:54:44,276][INFO ][o.e.p.PluginsService     ] [7buGax5] no plugins loaded
[2018-05-24T16:54:48,762][INFO ][o.e.d.DiscoveryModule    ] [7buGax5] using discovery type [zen]
[2018-05-24T16:54:50,225][INFO ][o.e.n.Node               ] initialized
[2018-05-24T16:54:50,225][INFO ][o.e.n.Node               ] [7buGax5] starting ...
[2018-05-24T16:54:50,357][INFO ][i.n.u.i.PlatformDependent] Your platform does not provide complete low-level API for accessing direct buffers reliably. Unless explicitly requested, heap buffer will always be preferred to avoid potential system instability.
[2018-05-24T16:54:51,372][INFO ][o.e.t.TransportService   ] [7buGax5] publish_address {127.0.0.1:9300}, bound_addresses {127.0.0.1:9300}, {[::1]:9300}
[2018-05-24T16:54:51,399][WARN ][o.e.b.BootstrapChecks    ] [7buGax5] initial heap size [134217728] not equal to maximum heap size [2120220672]; this can cause resize pauses and prevents mlockall from locking the entire heap
[2018-05-24T16:54:54,484][INFO ][o.e.c.s.MasterService    ] [7buGax5] zen-disco-elected-as-master ([0] nodes joined), reason: new_master {7buGax5}{7buGax5-QAqEs8Lmr7ik6g}{98Rx-N4CScW7ZEDbfgPDow}{127.0.0.1}{127.0.0.1:9300}
[2018-05-24T16:54:54,495][INFO ][o.e.c.s.ClusterApplierService] [7buGax5] new_master {7buGax5}{7buGax5-QAqEs8Lmr7ik6g}{98Rx-N4CScW7ZEDbfgPDow}{127.0.0.1}{127.0.0.1:9300}, reason: apply cluster state (from master [master {7buGax5}{7buGax5-QAqEs8Lmr7ik6g}{98Rx-N4CScW7ZEDbfgPDow}{127.0.0.1}{127.0.0.1:9300} committed version [1] source [zen-disco-elected-as-master ([0] nodes joined)]])
[2018-05-24T16:54:55,032][INFO ][o.e.g.GatewayService     ] [7buGax5] recovered [1] indices into cluster_state
[2018-05-24T16:54:55,322][INFO ][o.e.h.n.Netty4HttpServerTransport] [7buGax5] publish_address {127.0.0.1:9200}, bound_addresses {127.0.0.1:9200}, {[::1]:9200}
[2018-05-24T16:54:55,322][INFO ][o.e.n.Node               ] [7buGax5] started
[2018-05-24T16:54:56,043][INFO ][o.e.c.r.a.AllocationService] [7buGax5] Cluster health status changed from [RED] to [YELLOW] (reason: [shards started [[blog][0]] ...]).
[2018-05-24T16:59:55,476][INFO ][o.e.m.j.JvmGcMonitorService] [7buGax5] [gc][305] overhead, spent [280ms] collecting in the last [1s]
